# Sample error log file
[ERROR] 2025-04-18 10:10:00 - Connection timeout
[ERROR] 2025-04-18 10:15:00 - Invalid input detected
echo "[ERROR] Test error from notifier" >> logs/error.log
[ERROR] 2025-04-19 16:45:00 - File not found
[ERROR] 2025-04-19 17:46:00 - Unexpected null value
[ERROR] 2025-04-19 19:47:00 - Timeout while processing request
[ERROR] 2025-04-19 16:45:00 - File not found
[ERROR] 2025-04-19 17:46:00 - Unexpected null value
[ERROR] 2025-04-19 19:47:00 - Timeout while processing request
[ERROR] 2025-04-19 16:45:00 - File not found
[ERROR] 2025-04-19 17:46:00 - Unexpected null value
[ERROR] 2025-04-19 19:47:00 - Timeout while processing request
[ERROR] 2025-04-19 16:45:00 - File not found
[ERROR] 2025-04-19 17:46:00 - Unexpected null value
[ERROR] 2025-04-19 19:47:00 - Timeout while processing request
[ERROR] 2025-04-19 16:45:00 - File not found
[ERROR] 2025-04-19 17:46:00 - Unexpected null value
[ERROR] 2025-04-19 19:47:00 - Timeout while processing request
[ERROR] 2025-04-19 16:45:00 - File not found
[ERROR] 2025-04-19 17:46:00 - Unexpected null value
[ERROR] 2025-04-19 19:47:00 - Timeout while processing request
[ERROR] 2025-04-19 16:45:00 - File not found
[ERROR] 2025-04-19 17:46:00 - Unexpected null value
[ERROR] 2025-04-19 19:47:00 - Timeout while processing request
[ERROR] 2025-04-19 16:45:00 - File not found
[ERROR] 2025-04-19 17:46:00 - Unexpected null value
[ERROR] 2025-04-19 19:47:00 - Timeout while processing request
[ERROR] 2025-04-19 16:45:00 - File not found
[ERROR] 2025-04-19 17:46:00 - Unexpected null value
[ERROR] 2025-04-19 19:47:00 - Timeout while processing request
[ERROR] 2025-04-19 16:45:00 - File not found
[ERROR] 2025-04-19 17:46:00 - Unexpected null value
[ERROR] 2025-04-19 19:47:00 - Timeout while processing request
[ERROR] 2025-04-19 16:45:00 - File not found
[ERROR] 2025-04-19 17:46:00 - Unexpected null value
[ERROR] 2025-04-19 19:47:00 - Timeout while processing request
[ERROR] 2025-04-19 16:45:00 - File not found
[ERROR] 2025-04-19 17:46:00 - Unexpected null value
[ERROR] 2025-04-19 19:47:00 - Timeout while processing request
[ERROR] 2025-04-19 16:00:00 - File not found
[ERROR] 2025-04-20 17:00:00 - Unexpected null value
[ERROR] 2025-04-20 19:12:00 - Timeout while processing request
[ERROR] 2025-04-21 09:30:00 - Invalid input data
[ERROR] 2025-04-21 11:00:00 - Connection timeout
[ERROR] 2025-04-19 16:00:00 - File not found
[ERROR] 2025-04-20 17:00:00 - Unexpected null value
[ERROR] 2025-04-20 19:12:00 - Timeout while processing request
[ERROR] 2025-04-21 09:30:00 - Invalid input data
[ERROR] 2025-04-21 11:00:00 - Connection timeout
[ERROR] 2025-04-19 16:00:00 - File not found
[ERROR] 2025-04-20 17:00:00 - Unexpected null value
[ERROR] 2025-04-20 19:12:00 - Timeout while processing request
[ERROR] 2025-04-21 09:30:00 - Invalid input data
[ERROR] 2025-04-21 11:00:00 - Connection timeout
[ERROR] 2025-04-19 16:00:00 - File not found
[ERROR] 2025-04-20 17:00:00 - Unexpected null value
[ERROR] 2025-04-20 19:12:00 - Timeout while processing request
[ERROR] 2025-04-21 09:30:00 - Invalid input data
[ERROR] 2025-04-21 11:00:00 - Connection timeout
[ERROR] 2025-04-19 16:00:00 - File not found
[ERROR] 2025-04-20 17:00:00 - Unexpected null value
[ERROR] 2025-04-20 19:12:00 - Timeout while processing request
[ERROR] 2025-04-21 09:30:00 - Invalid input data
[ERROR] 2025-04-21 11:00:00 - Connection timeout
